{"C:\\Junaid\\junaid\\TP\\ReactJs\\notes\\src\\App.js": {"path":"C:\\Junaid\\junaid\\TP\\ReactJs\\notes\\src\\App.js","statementMap":{"0":{"start":{"line":14,"column":12},"end":{"line":171,"column":1}},"1":{"start":{"line":18,"column":30},"end":{"line":18,"column":42}},"2":{"start":{"line":19,"column":34},"end":{"line":19,"column":48}},"3":{"start":{"line":20,"column":44},"end":{"line":20,"column":58}},"4":{"start":{"line":22,"column":36},"end":{"line":22,"column":48}},"5":{"start":{"line":23,"column":36},"end":{"line":23,"column":48}},"6":{"start":{"line":24,"column":28},"end":{"line":24,"column":42}},"7":{"start":{"line":26,"column":44},"end":{"line":26,"column":59}},"8":{"start":{"line":30,"column":24},"end":{"line":30,"column":32}},"9":{"start":{"line":35,"column":4},"end":{"line":42,"column":10}},"10":{"start":{"line":36,"column":8},"end":{"line":41,"column":14}},"11":{"start":{"line":39,"column":16},"end":{"line":39,"column":48}},"12":{"start":{"line":40,"column":16},"end":{"line":40,"column":39}},"13":{"start":{"line":44,"column":4},"end":{"line":51,"column":10}},"14":{"start":{"line":45,"column":31},"end":{"line":45,"column":79}},"15":{"start":{"line":46,"column":8},"end":{"line":50,"column":9}},"16":{"start":{"line":47,"column":25},"end":{"line":47,"column":51}},"17":{"start":{"line":48,"column":12},"end":{"line":48,"column":25}},"18":{"start":{"line":49,"column":12},"end":{"line":49,"column":44}},"19":{"start":{"line":55,"column":20},"end":{"line":67,"column":5}},"20":{"start":{"line":57,"column":8},"end":{"line":65,"column":9}},"21":{"start":{"line":58,"column":12},"end":{"line":58,"column":50}},"22":{"start":{"line":59,"column":25},"end":{"line":60,"column":42}},"23":{"start":{"line":61,"column":12},"end":{"line":61,"column":29}},"24":{"start":{"line":62,"column":12},"end":{"line":62,"column":40}},"25":{"start":{"line":64,"column":12},"end":{"line":64,"column":34}},"26":{"start":{"line":69,"column":24},"end":{"line":69,"column":86}},"27":{"start":{"line":69,"column":62},"end":{"line":69,"column":85}},"28":{"start":{"line":71,"column":31},"end":{"line":91,"column":5}},"29":{"start":{"line":73,"column":21},"end":{"line":73,"column":55}},"30":{"start":{"line":73,"column":40},"end":{"line":73,"column":54}},"31":{"start":{"line":74,"column":27},"end":{"line":77,"column":9}},"32":{"start":{"line":79,"column":8},"end":{"line":90,"column":14}},"33":{"start":{"line":82,"column":16},"end":{"line":82,"column":82}},"34":{"start":{"line":82,"column":43},"end":{"line":82,"column":80}},"35":{"start":{"line":85,"column":16},"end":{"line":85,"column":95}},"36":{"start":{"line":86,"column":16},"end":{"line":88,"column":24}},"37":{"start":{"line":87,"column":20},"end":{"line":87,"column":41}},"38":{"start":{"line":89,"column":16},"end":{"line":89,"column":62}},"39":{"start":{"line":89,"column":46},"end":{"line":89,"column":60}},"40":{"start":{"line":93,"column":24},"end":{"line":114,"column":5}},"41":{"start":{"line":94,"column":8},"end":{"line":94,"column":30}},"42":{"start":{"line":96,"column":8},"end":{"line":112,"column":9}},"43":{"start":{"line":97,"column":25},"end":{"line":99,"column":14}},"44":{"start":{"line":100,"column":12},"end":{"line":102,"column":13}},"45":{"start":{"line":103,"column":12},"end":{"line":103,"column":44}},"46":{"start":{"line":104,"column":12},"end":{"line":104,"column":25}},"47":{"start":{"line":105,"column":12},"end":{"line":105,"column":27}},"48":{"start":{"line":106,"column":12},"end":{"line":106,"column":27}},"49":{"start":{"line":108,"column":12},"end":{"line":108,"column":48}},"50":{"start":{"line":109,"column":12},"end":{"line":111,"column":20}},"51":{"start":{"line":110,"column":16},"end":{"line":110,"column":37}},"52":{"start":{"line":118,"column":21},"end":{"line":126,"column":5}},"53":{"start":{"line":119,"column":8},"end":{"line":125,"column":9}},"54":{"start":{"line":128,"column":4},"end":{"line":169,"column":5}},"55":{"start":{"line":138,"column":65},"end":{"line":138,"column":90}},"56":{"start":{"line":139,"column":65},"end":{"line":139,"column":90}},"57":{"start":{"line":152,"column":39},"end":{"line":152,"column":59}},"58":{"start":{"line":159,"column":20},"end":{"line":163,"column":22}},"59":{"start":{"line":162,"column":48},"end":{"line":162,"column":75}}},"fnMap":{"0":{"name":"(anonymous_0)","decl":{"start":{"line":14,"column":12},"end":{"line":14,"column":13}},"loc":{"start":{"line":14,"column":18},"end":{"line":171,"column":1}},"line":14},"1":{"name":"(anonymous_1)","decl":{"start":{"line":35,"column":14},"end":{"line":35,"column":15}},"loc":{"start":{"line":35,"column":20},"end":{"line":42,"column":5}},"line":35},"2":{"name":"(anonymous_2)","decl":{"start":{"line":38,"column":18},"end":{"line":38,"column":19}},"loc":{"start":{"line":38,"column":30},"end":{"line":41,"column":13}},"line":38},"3":{"name":"(anonymous_3)","decl":{"start":{"line":44,"column":14},"end":{"line":44,"column":15}},"loc":{"start":{"line":44,"column":20},"end":{"line":51,"column":5}},"line":44},"4":{"name":"(anonymous_4)","decl":{"start":{"line":55,"column":20},"end":{"line":55,"column":21}},"loc":{"start":{"line":55,"column":42},"end":{"line":67,"column":5}},"line":55},"5":{"name":"(anonymous_5)","decl":{"start":{"line":69,"column":54},"end":{"line":69,"column":55}},"loc":{"start":{"line":69,"column":62},"end":{"line":69,"column":85}},"line":69},"6":{"name":"(anonymous_6)","decl":{"start":{"line":71,"column":31},"end":{"line":71,"column":32}},"loc":{"start":{"line":71,"column":39},"end":{"line":91,"column":5}},"line":71},"7":{"name":"(anonymous_7)","decl":{"start":{"line":73,"column":32},"end":{"line":73,"column":33}},"loc":{"start":{"line":73,"column":40},"end":{"line":73,"column":54}},"line":73},"8":{"name":"(anonymous_8)","decl":{"start":{"line":81,"column":18},"end":{"line":81,"column":19}},"loc":{"start":{"line":81,"column":30},"end":{"line":83,"column":13}},"line":81},"9":{"name":"(anonymous_9)","decl":{"start":{"line":82,"column":35},"end":{"line":82,"column":36}},"loc":{"start":{"line":82,"column":43},"end":{"line":82,"column":80}},"line":82},"10":{"name":"(anonymous_10)","decl":{"start":{"line":84,"column":19},"end":{"line":84,"column":20}},"loc":{"start":{"line":84,"column":28},"end":{"line":90,"column":13}},"line":84},"11":{"name":"(anonymous_11)","decl":{"start":{"line":86,"column":27},"end":{"line":86,"column":28}},"loc":{"start":{"line":86,"column":32},"end":{"line":88,"column":17}},"line":86},"12":{"name":"(anonymous_12)","decl":{"start":{"line":89,"column":38},"end":{"line":89,"column":39}},"loc":{"start":{"line":89,"column":46},"end":{"line":89,"column":60}},"line":89},"13":{"name":"(anonymous_13)","decl":{"start":{"line":93,"column":24},"end":{"line":93,"column":25}},"loc":{"start":{"line":93,"column":40},"end":{"line":114,"column":5}},"line":93},"14":{"name":"(anonymous_14)","decl":{"start":{"line":109,"column":23},"end":{"line":109,"column":24}},"loc":{"start":{"line":109,"column":29},"end":{"line":111,"column":13}},"line":109},"15":{"name":"(anonymous_15)","decl":{"start":{"line":118,"column":21},"end":{"line":118,"column":22}},"loc":{"start":{"line":118,"column":27},"end":{"line":126,"column":5}},"line":118},"16":{"name":"(anonymous_16)","decl":{"start":{"line":138,"column":49},"end":{"line":138,"column":50}},"loc":{"start":{"line":138,"column":65},"end":{"line":138,"column":90}},"line":138},"17":{"name":"(anonymous_17)","decl":{"start":{"line":139,"column":49},"end":{"line":139,"column":50}},"loc":{"start":{"line":139,"column":65},"end":{"line":139,"column":90}},"line":139},"18":{"name":"(anonymous_18)","decl":{"start":{"line":152,"column":33},"end":{"line":152,"column":34}},"loc":{"start":{"line":152,"column":39},"end":{"line":152,"column":59}},"line":152},"19":{"name":"(anonymous_19)","decl":{"start":{"line":158,"column":33},"end":{"line":158,"column":34}},"loc":{"start":{"line":159,"column":20},"end":{"line":163,"column":22}},"line":159},"20":{"name":"(anonymous_20)","decl":{"start":{"line":162,"column":42},"end":{"line":162,"column":43}},"loc":{"start":{"line":162,"column":48},"end":{"line":162,"column":75}},"line":162}},"branchMap":{"0":{"loc":{"start":{"line":46,"column":8},"end":{"line":50,"column":9}},"type":"if","locations":[{"start":{"line":46,"column":8},"end":{"line":50,"column":9}},{"start":{},"end":{}}],"line":46},"1":{"loc":{"start":{"line":69,"column":24},"end":{"line":69,"column":86}},"type":"cond-expr","locations":[{"start":{"line":69,"column":33},"end":{"line":69,"column":38}},{"start":{"line":69,"column":41},"end":{"line":69,"column":86}}],"line":69},"2":{"loc":{"start":{"line":82,"column":43},"end":{"line":82,"column":80}},"type":"cond-expr","locations":[{"start":{"line":82,"column":60},"end":{"line":82,"column":64}},{"start":{"line":82,"column":67},"end":{"line":82,"column":80}}],"line":82},"3":{"loc":{"start":{"line":133,"column":13},"end":{"line":142,"column":28}},"type":"binary-expr","locations":[{"start":{"line":133,"column":13},"end":{"line":133,"column":18}},{"start":{"line":134,"column":16},"end":{"line":142,"column":28}}],"line":133},"4":{"loc":{"start":{"line":144,"column":13},"end":{"line":148,"column":20}},"type":"binary-expr","locations":[{"start":{"line":144,"column":13},"end":{"line":144,"column":17}},{"start":{"line":145,"column":16},"end":{"line":148,"column":20}}],"line":144},"5":{"loc":{"start":{"line":153,"column":26},"end":{"line":153,"column":54}},"type":"cond-expr","locations":[{"start":{"line":153,"column":35},"end":{"line":153,"column":46}},{"start":{"line":153,"column":49},"end":{"line":153,"column":54}}],"line":153}},"s":{"0":0,"1":0,"2":0,"3":0,"4":0,"5":0,"6":0,"7":0,"8":0,"9":0,"10":0,"11":0,"12":0,"13":0,"14":0,"15":0,"16":0,"17":0,"18":0,"19":0,"20":0,"21":0,"22":0,"23":0,"24":0,"25":0,"26":0,"27":0,"28":0,"29":0,"30":0,"31":0,"32":0,"33":0,"34":0,"35":0,"36":0,"37":0,"38":0,"39":0,"40":0,"41":0,"42":0,"43":0,"44":0,"45":0,"46":0,"47":0,"48":0,"49":0,"50":0,"51":0,"52":0,"53":0,"54":0,"55":0,"56":0,"57":0,"58":0,"59":0},"f":{"0":0,"1":0,"2":0,"3":0,"4":0,"5":0,"6":0,"7":0,"8":0,"9":0,"10":0,"11":0,"12":0,"13":0,"14":0,"15":0,"16":0,"17":0,"18":0,"19":0,"20":0},"b":{"0":[0,0],"1":[0,0],"2":[0,0],"3":[0,0],"4":[0,0],"5":[0,0]}}
,"C:\\Junaid\\junaid\\TP\\ReactJs\\notes\\src\\components\\LoginForm.js": {"path":"C:\\Junaid\\junaid\\TP\\ReactJs\\notes\\src\\components\\LoginForm.js","statementMap":{"0":{"start":{"line":4,"column":18},"end":{"line":29,"column":1}},"1":{"start":{"line":6,"column":90},"end":{"line":6,"column":95}},"2":{"start":{"line":7,"column":4},"end":{"line":28,"column":12}},"3":{"start":{"line":31,"column":0},"end":{"line":37,"column":1}}},"fnMap":{"0":{"name":"(anonymous_0)","decl":{"start":{"line":4,"column":18},"end":{"line":4,"column":19}},"loc":{"start":{"line":4,"column":29},"end":{"line":29,"column":1}},"line":4}},"branchMap":{},"s":{"0":0,"1":0,"2":0,"3":0},"f":{"0":0},"b":{}}
,"C:\\Junaid\\junaid\\TP\\ReactJs\\notes\\src\\components\\Note.js": {"path":"C:\\Junaid\\junaid\\TP\\ReactJs\\notes\\src\\components\\Note.js","statementMap":{"0":{"start":{"line":5,"column":13},"end":{"line":15,"column":1}},"1":{"start":{"line":7,"column":18},"end":{"line":7,"column":72}},"2":{"start":{"line":9,"column":4},"end":{"line":14,"column":5}}},"fnMap":{"0":{"name":"(anonymous_0)","decl":{"start":{"line":5,"column":13},"end":{"line":5,"column":14}},"loc":{"start":{"line":5,"column":43},"end":{"line":15,"column":1}},"line":5}},"branchMap":{"0":{"loc":{"start":{"line":7,"column":18},"end":{"line":7,"column":72}},"type":"cond-expr","locations":[{"start":{"line":7,"column":34},"end":{"line":7,"column":54}},{"start":{"line":7,"column":56},"end":{"line":7,"column":72}}],"line":7}},"s":{"0":1,"1":2,"2":2},"f":{"0":2},"b":{"0":[2,0]},"_coverageSchema":"1a1c01bbd47fc00a2c39e90264f33305004495a9","hash":"83ad30ae7f5ed3736fecce16448b6eabc70164c1"}
,"C:\\Junaid\\junaid\\TP\\ReactJs\\notes\\src\\components\\NoteForm.js": {"path":"C:\\Junaid\\junaid\\TP\\ReactJs\\notes\\src\\components\\NoteForm.js","statementMap":{"0":{"start":{"line":3,"column":17},"end":{"line":30,"column":1}},"1":{"start":{"line":5,"column":34},"end":{"line":5,"column":46}},"2":{"start":{"line":7,"column":20},"end":{"line":14,"column":5}},"3":{"start":{"line":8,"column":8},"end":{"line":8,"column":30}},"4":{"start":{"line":9,"column":8},"end":{"line":12,"column":10}},"5":{"start":{"line":13,"column":8},"end":{"line":13,"column":22}},"6":{"start":{"line":16,"column":4},"end":{"line":28,"column":5}},"7":{"start":{"line":22,"column":42},"end":{"line":22,"column":72}}},"fnMap":{"0":{"name":"(anonymous_0)","decl":{"start":{"line":3,"column":17},"end":{"line":3,"column":18}},"loc":{"start":{"line":3,"column":37},"end":{"line":30,"column":1}},"line":3},"1":{"name":"(anonymous_1)","decl":{"start":{"line":7,"column":20},"end":{"line":7,"column":21}},"loc":{"start":{"line":7,"column":31},"end":{"line":14,"column":5}},"line":7},"2":{"name":"(anonymous_2)","decl":{"start":{"line":22,"column":32},"end":{"line":22,"column":33}},"loc":{"start":{"line":22,"column":41},"end":{"line":22,"column":73}},"line":22}},"branchMap":{},"s":{"0":1,"1":19,"2":19,"3":1,"4":1,"5":1,"6":19,"7":17},"f":{"0":19,"1":1,"2":17},"b":{},"_coverageSchema":"1a1c01bbd47fc00a2c39e90264f33305004495a9","hash":"a1519e75fbdffce0fca3ecce180c4390e69bdc01"}
,"C:\\Junaid\\junaid\\TP\\ReactJs\\notes\\src\\components\\Notification.js": {"path":"C:\\Junaid\\junaid\\TP\\ReactJs\\notes\\src\\components\\Notification.js","statementMap":{"0":{"start":{"line":5,"column":21},"end":{"line":16,"column":1}},"1":{"start":{"line":7,"column":4},"end":{"line":8,"column":19}},"2":{"start":{"line":8,"column":8},"end":{"line":8,"column":19}},"3":{"start":{"line":10,"column":4},"end":{"line":14,"column":5}}},"fnMap":{"0":{"name":"(anonymous_0)","decl":{"start":{"line":5,"column":21},"end":{"line":5,"column":22}},"loc":{"start":{"line":5,"column":36},"end":{"line":16,"column":1}},"line":5}},"branchMap":{"0":{"loc":{"start":{"line":7,"column":4},"end":{"line":8,"column":19}},"type":"if","locations":[{"start":{"line":7,"column":4},"end":{"line":8,"column":19}},{"start":{},"end":{}}],"line":7}},"s":{"0":0,"1":0,"2":0,"3":0},"f":{"0":0},"b":{"0":[0,0]}}
,"C:\\Junaid\\junaid\\TP\\ReactJs\\notes\\src\\components\\Togglable.js": {"path":"C:\\Junaid\\junaid\\TP\\ReactJs\\notes\\src\\components\\Togglable.js","statementMap":{"0":{"start":{"line":4,"column":18},"end":{"line":35,"column":2}},"1":{"start":{"line":6,"column":34},"end":{"line":6,"column":49}},"2":{"start":{"line":8,"column":28},"end":{"line":8,"column":60}},"3":{"start":{"line":9,"column":28},"end":{"line":9,"column":60}},"4":{"start":{"line":11,"column":29},"end":{"line":13,"column":5}},"5":{"start":{"line":12,"column":8},"end":{"line":12,"column":28}},"6":{"start":{"line":15,"column":4},"end":{"line":19,"column":6}},"7":{"start":{"line":16,"column":8},"end":{"line":18,"column":9}},"8":{"start":{"line":21,"column":4},"end":{"line":33,"column":5}},"9":{"start":{"line":37,"column":0},"end":{"line":39,"column":1}},"10":{"start":{"line":41,"column":0},"end":{"line":41,"column":35}}},"fnMap":{"0":{"name":"(anonymous_0)","decl":{"start":{"line":4,"column":29},"end":{"line":4,"column":30}},"loc":{"start":{"line":4,"column":46},"end":{"line":35,"column":1}},"line":4},"1":{"name":"(anonymous_1)","decl":{"start":{"line":11,"column":29},"end":{"line":11,"column":30}},"loc":{"start":{"line":11,"column":35},"end":{"line":13,"column":5}},"line":11},"2":{"name":"(anonymous_2)","decl":{"start":{"line":15,"column":30},"end":{"line":15,"column":31}},"loc":{"start":{"line":15,"column":36},"end":{"line":19,"column":5}},"line":15}},"branchMap":{"0":{"loc":{"start":{"line":8,"column":39},"end":{"line":8,"column":59}},"type":"cond-expr","locations":[{"start":{"line":8,"column":48},"end":{"line":8,"column":54}},{"start":{"line":8,"column":57},"end":{"line":8,"column":59}}],"line":8},"1":{"loc":{"start":{"line":9,"column":39},"end":{"line":9,"column":59}},"type":"cond-expr","locations":[{"start":{"line":9,"column":48},"end":{"line":9,"column":50}},{"start":{"line":9,"column":53},"end":{"line":9,"column":59}}],"line":9}},"s":{"0":1,"1":7,"2":7,"3":7,"4":7,"5":3,"6":7,"7":0,"8":7,"9":1,"10":1},"f":{"0":7,"1":3,"2":0},"b":{"0":[2,5],"1":[2,5]},"_coverageSchema":"1a1c01bbd47fc00a2c39e90264f33305004495a9","hash":"2c2a457420faf2025a707981814b0302c18c2275"}
,"C:\\Junaid\\junaid\\TP\\ReactJs\\notes\\src\\services\\login.js": {"path":"C:\\Junaid\\junaid\\TP\\ReactJs\\notes\\src\\services\\login.js","statementMap":{"0":{"start":{"line":3,"column":16},"end":{"line":3,"column":28}},"1":{"start":{"line":5,"column":14},"end":{"line":10,"column":1}},"2":{"start":{"line":7,"column":21},"end":{"line":7,"column":59}},"3":{"start":{"line":8,"column":4},"end":{"line":8,"column":24}}},"fnMap":{"0":{"name":"(anonymous_0)","decl":{"start":{"line":5,"column":14},"end":{"line":5,"column":15}},"loc":{"start":{"line":5,"column":35},"end":{"line":10,"column":1}},"line":5}},"branchMap":{},"s":{"0":0,"1":0,"2":0,"3":0},"f":{"0":0},"b":{}}
,"C:\\Junaid\\junaid\\TP\\ReactJs\\notes\\src\\services\\notes.js": {"path":"C:\\Junaid\\junaid\\TP\\ReactJs\\notes\\src\\services\\notes.js","statementMap":{"0":{"start":{"line":3,"column":16},"end":{"line":3,"column":28}},"1":{"start":{"line":5,"column":12},"end":{"line":5,"column":16}},"2":{"start":{"line":7,"column":17},"end":{"line":9,"column":1}},"3":{"start":{"line":8,"column":4},"end":{"line":8,"column":32}},"4":{"start":{"line":11,"column":15},"end":{"line":13,"column":1}},"5":{"start":{"line":12,"column":4},"end":{"line":12,"column":29}},"6":{"start":{"line":15,"column":15},"end":{"line":22,"column":1}},"7":{"start":{"line":16,"column":19},"end":{"line":18,"column":5}},"8":{"start":{"line":19,"column":21},"end":{"line":19,"column":65}},"9":{"start":{"line":20,"column":4},"end":{"line":20,"column":30}},"10":{"start":{"line":21,"column":4},"end":{"line":21,"column":24}},"11":{"start":{"line":24,"column":15},"end":{"line":28,"column":1}},"12":{"start":{"line":27,"column":4},"end":{"line":27,"column":51}}},"fnMap":{"0":{"name":"(anonymous_0)","decl":{"start":{"line":7,"column":17},"end":{"line":7,"column":18}},"loc":{"start":{"line":7,"column":29},"end":{"line":9,"column":1}},"line":7},"1":{"name":"(anonymous_1)","decl":{"start":{"line":11,"column":15},"end":{"line":11,"column":16}},"loc":{"start":{"line":11,"column":21},"end":{"line":13,"column":1}},"line":11},"2":{"name":"(anonymous_2)","decl":{"start":{"line":15,"column":15},"end":{"line":15,"column":16}},"loc":{"start":{"line":15,"column":34},"end":{"line":22,"column":1}},"line":15},"3":{"name":"(anonymous_3)","decl":{"start":{"line":24,"column":15},"end":{"line":24,"column":16}},"loc":{"start":{"line":24,"column":34},"end":{"line":28,"column":1}},"line":24}},"branchMap":{},"s":{"0":0,"1":0,"2":0,"3":0,"4":0,"5":0,"6":0,"7":0,"8":0,"9":0,"10":0,"11":0,"12":0},"f":{"0":0,"1":0,"2":0,"3":0},"b":{}}
}
