TN:
SF:src\App.js
FN:14,(anonymous_0)
FN:35,(anonymous_1)
FN:38,(anonymous_2)
FN:44,(anonymous_3)
FN:55,(anonymous_4)
FN:69,(anonymous_5)
FN:71,(anonymous_6)
FN:73,(anonymous_7)
FN:81,(anonymous_8)
FN:82,(anonymous_9)
FN:84,(anonymous_10)
FN:86,(anonymous_11)
FN:89,(anonymous_12)
FN:93,(anonymous_13)
FN:109,(anonymous_14)
FN:118,(anonymous_15)
FN:138,(anonymous_16)
FN:139,(anonymous_17)
FN:152,(anonymous_18)
FN:158,(anonymous_19)
FN:162,(anonymous_20)
FNF:21
FNH:0
FNDA:0,(anonymous_0)
FNDA:0,(anonymous_1)
FNDA:0,(anonymous_2)
FNDA:0,(anonymous_3)
FNDA:0,(anonymous_4)
FNDA:0,(anonymous_5)
FNDA:0,(anonymous_6)
FNDA:0,(anonymous_7)
FNDA:0,(anonymous_8)
FNDA:0,(anonymous_9)
FNDA:0,(anonymous_10)
FNDA:0,(anonymous_11)
FNDA:0,(anonymous_12)
FNDA:0,(anonymous_13)
FNDA:0,(anonymous_14)
FNDA:0,(anonymous_15)
FNDA:0,(anonymous_16)
FNDA:0,(anonymous_17)
FNDA:0,(anonymous_18)
FNDA:0,(anonymous_19)
FNDA:0,(anonymous_20)
DA:14,0
DA:18,0
DA:19,0
DA:20,0
DA:22,0
DA:23,0
DA:24,0
DA:26,0
DA:30,0
DA:35,0
DA:36,0
DA:39,0
DA:40,0
DA:44,0
DA:45,0
DA:46,0
DA:47,0
DA:48,0
DA:49,0
DA:55,0
DA:57,0
DA:58,0
DA:59,0
DA:61,0
DA:62,0
DA:64,0
DA:69,0
DA:71,0
DA:73,0
DA:74,0
DA:79,0
DA:82,0
DA:85,0
DA:86,0
DA:87,0
DA:89,0
DA:93,0
DA:94,0
DA:96,0
DA:97,0
DA:100,0
DA:103,0
DA:104,0
DA:105,0
DA:106,0
DA:108,0
DA:109,0
DA:110,0
DA:118,0
DA:119,0
DA:128,0
DA:138,0
DA:139,0
DA:152,0
DA:159,0
DA:162,0
LF:56
LH:0
BRDA:46,0,0,0
BRDA:46,0,1,0
BRDA:69,1,0,0
BRDA:69,1,1,0
BRDA:82,2,0,0
BRDA:82,2,1,0
BRDA:133,3,0,0
BRDA:133,3,1,0
BRDA:144,4,0,0
BRDA:144,4,1,0
BRDA:153,5,0,0
BRDA:153,5,1,0
BRF:12
BRH:0
end_of_record
TN:
SF:src\components\LoginForm.js
FN:4,(anonymous_0)
FNF:1
FNH:0
FNDA:0,(anonymous_0)
DA:4,0
DA:6,0
DA:7,0
DA:31,0
LF:4
LH:0
BRF:0
BRH:0
end_of_record
TN:
SF:src\components\Note.js
FN:5,(anonymous_0)
FNF:1
FNH:1
FNDA:2,(anonymous_0)
DA:5,1
DA:7,2
DA:9,2
LF:3
LH:3
BRDA:7,0,0,2
BRDA:7,0,1,0
BRF:2
BRH:1
end_of_record
TN:
SF:src\components\NoteForm.js
FN:3,(anonymous_0)
FN:7,(anonymous_1)
FN:22,(anonymous_2)
FNF:3
FNH:3
FNDA:19,(anonymous_0)
FNDA:1,(anonymous_1)
FNDA:17,(anonymous_2)
DA:3,1
DA:5,19
DA:7,19
DA:8,1
DA:9,1
DA:13,1
DA:16,19
DA:22,17
LF:8
LH:8
BRF:0
BRH:0
end_of_record
TN:
SF:src\components\Notification.js
FN:5,(anonymous_0)
FNF:1
FNH:0
FNDA:0,(anonymous_0)
DA:5,0
DA:7,0
DA:8,0
DA:10,0
LF:4
LH:0
BRDA:7,0,0,0
BRDA:7,0,1,0
BRF:2
BRH:0
end_of_record
TN:
SF:src\components\Togglable.js
FN:4,(anonymous_0)
FN:11,(anonymous_1)
FN:15,(anonymous_2)
FNF:3
FNH:2
FNDA:7,(anonymous_0)
FNDA:3,(anonymous_1)
FNDA:0,(anonymous_2)
DA:4,1
DA:6,7
DA:8,7
DA:9,7
DA:11,7
DA:12,3
DA:15,7
DA:16,0
DA:21,7
DA:37,1
DA:41,1
LF:11
LH:10
BRDA:8,0,0,2
BRDA:8,0,1,5
BRDA:9,1,0,2
BRDA:9,1,1,5
BRF:4
BRH:4
end_of_record
TN:
SF:src\services\login.js
FN:5,(anonymous_0)
FNF:1
FNH:0
FNDA:0,(anonymous_0)
DA:3,0
DA:5,0
DA:7,0
DA:8,0
LF:4
LH:0
BRF:0
BRH:0
end_of_record
TN:
SF:src\services\notes.js
FN:7,(anonymous_0)
FN:11,(anonymous_1)
FN:15,(anonymous_2)
FN:24,(anonymous_3)
FNF:4
FNH:0
FNDA:0,(anonymous_0)
FNDA:0,(anonymous_1)
FNDA:0,(anonymous_2)
FNDA:0,(anonymous_3)
DA:3,0
DA:5,0
DA:7,0
DA:8,0
DA:11,0
DA:12,0
DA:15,0
DA:16,0
DA:19,0
DA:20,0
DA:21,0
DA:24,0
DA:27,0
LF:13
LH:0
BRF:0
BRH:0
end_of_record
